<?xml version="1.0" encoding="UTF-8"?>
<!-- Generated by org.testng.reporters.JUnitReportReporter -->
<testsuite skipped="0" hostname="DESKTOP-DPFLVVJ" name="test.TestPage2" tests="1" failures="0" timestamp="2022-09-04T23:04:52 CDT" time="4.940" errors="0">
  <testcase name="validateAddCatagoryPage" time="4.940" classname="test.TestPage2"/>
  <system-out/>
</testsuite> <!-- test.TestPage2 -->
