<?xml version="1.0" encoding="UTF-8"?>
<!-- Generated by org.testng.reporters.JUnitReportReporter -->
<testsuite skipped="0" hostname="DESKTOP-DPFLVVJ" name="test.TestPage1" tests="1" failures="0" timestamp="2022-09-04T23:03:13 CDT" time="5.630" errors="0">
  <testcase name="validateAddCatagoryPage" time="5.630" classname="test.TestPage1"/>
  <system-out/>
</testsuite> <!-- test.TestPage1 -->
