<?xml version="1.0" encoding="UTF-8"?>
<!-- Generated by org.testng.reporters.JUnitReportReporter -->
<testsuite skipped="0" hostname="DESKTOP-DPFLVVJ" name="test.TestPage3" tests="1" failures="0" timestamp="2022-09-04T23:30:41 CDT" time="3.912" errors="0">
  <testcase name="validateDropDownElement" time="3.912" classname="test.TestPage3"/>
  <system-out/>
</testsuite> <!-- test.TestPage3 -->
